./Makefile:16: MINOR:C-G7
./include/command.h:31: MINOR:C-L2
./include/command.h:32: MINOR:C-L2
./include/command.h:34: MINOR:C-L2
./include/command.h:35: MINOR:C-L2
./include/command.h:36: MINOR:C-L2
./include/command.h:37: MINOR:C-L2
./include/command.h:40: MINOR:C-L2
./include/command.h:41: MINOR:C-L2
./include/init.h:14: MINOR:C-L2
./include/init.h:15: MINOR:C-L2
./include/init.h:16: MINOR:C-L2
./include/init.h:17: MINOR:C-L2
./include/my_ftp.h:12: MINOR:C-G7
./include/my_ftp.h:13: MINOR:C-G7
./include/my_ftp.h:15: MINOR:C-G7
./include/my_ftp.h:39: MINOR:C-L2
./include/my_ftp.h:40: MINOR:C-L2
./include/my_ftp.h:41: MINOR:C-L2
./include/my_ftp.h:42: MINOR:C-L2
./include/my_ftp.h:43: MINOR:C-G7
./include/my_ftp.h:53: MINOR:C-L3
./include/my_ftp.h:55: MINOR:C-L2
./include/my_ftp.h:56: MINOR:C-L2
./include/my_ftp.h:57: MINOR:C-G7
./include/my_ftp.h:59: MINOR:C-L2
./include/my_ftp.h:60: MINOR:C-L2
./include/my_ftp.h:63: MINOR:C-L2
./include/my_ftp.h:64: MINOR:C-L2
./include/my_ftp.h:67: MINOR:C-L2
./include/my_ftp.h:70: MINOR:C-L2
./include/my_ftp.h:71: MINOR:C-L2
./include/my_ftp.h:73: MINOR:C-L3
./include/my_ftp.h:75: MINOR:C-L2
./include/my_ftp.h:76: MINOR:C-L2
./include/my_ftp.h:79: MINOR:C-L2
./include/my_ftp.h:80: MINOR:C-L2
./include/my_ftp.h:83: MINOR:C-L2
./include/my_ftp.h:86: MINOR:C-L2
./include/my_ftp.h:89: MINOR:C-L2
./include/my_ftp.h:92: MINOR:C-L2
./include/my_ftp.h:95: MINOR:C-L2
./include/my_ftp.h:96: MINOR:C-L2
./include/my_ftp.h:99: MINOR:C-L2
./include/my_ftp.h:100: MINOR:C-L2
./include/my_ftp.h:102: MINOR:C-L2
./include/my_ftp.h:103: MINOR:C-L2
./include/my_ftp.h:104: MINOR:C-L2
./include/my_ftp.h:106: MINOR:C-L3
./include/my_ftp.h:107: MINOR:C-L2
./include/my_ftp.h:108: MINOR:C-G7
./include/my_ftp.h:108: MINOR:C-L2
./include/my_ftp.h:109: MINOR:C-L2
./include/my_ftp.h:110: MINOR:C-L2
./include/my_ftp.h:113: MINOR:C-L2
./include/my_ftp.h:114: MINOR:C-L2
./include/my_ftp.h:115: MINOR:C-L2
./include/my_ftp.h:116: MINOR:C-L2
./include/my_ftp.h:117: MINOR:C-L2
./include/my_ftp.h:119: MINOR:C-L2
./include/my_ftp.h:122: MINOR:C-L2
./include/my_ftp.h:125: MINOR:C-L2
./include/my_ftp.h:126: MINOR:C-L2
./include/my_ftp.h:128: MINOR:C-L2
./include/my_ftp.h:129: MINOR:C-L2
./include/my_ftp.h:130: MINOR:C-L2
./include/my_ftp.h:133: MINOR:C-L2
./include/my_ftp.h:135: INFO:C-A3
./include/utils.h:12: MINOR:C-L2
./include/utils.h:13: MINOR:C-L2
./include/utils.h:14: MINOR:C-L2
./include/utils.h:15: INFO:C-A3
./my_server/free/destroy_ftp.c:9: MINOR:C-G7
./my_server/free/destroy_ftp.c:10: MINOR:C-G7
./my_server/free/destroy_ftp.c:11: MINOR:C-G7
./my_server/ftp/add_user.c:42: MAJOR:C-F3
./my_server/ftp/add_user.c:47: MAJOR:C-F3
./my_server/ftp/add_user.c:57: MAJOR:C-F3
./my_server/ftp/add_user.c:85: MINOR:C-G7
./my_server/ftp/add_user.c:85: MINOR:C-L4
./my_server/ftp/add_user.c:88: MAJOR:C-F3
./my_server/ftp/add_user.c:95: MAJOR:C-F3
./my_server/ftp/add_user.c:98: MAJOR:C-F3
./my_server/ftp/add_user.c:101: INFO:C-A3
./my_server/ftp/command/CDUP.c:1: MINOR:C-G1
./my_server/ftp/command/CDUP.c:1: MINOR:C-O4
./my_server/ftp/command/CWD.c:1: MINOR:C-G1
./my_server/ftp/command/CWD.c:1: MINOR:C-O4
./my_server/ftp/command/DELE.c:1: MINOR:C-G1
./my_server/ftp/command/DELE.c:1: MINOR:C-O4
./my_server/ftp/command/HELP.c:1: MINOR:C-G1
./my_server/ftp/command/HELP.c:1: MINOR:C-O4
./my_server/ftp/command/LIST.c:1: MINOR:C-O4
./my_server/ftp/command/LIST.c:15: MAJOR:C-F3
./my_server/ftp/command/LIST.c:24: MINOR:C-L6
./my_server/ftp/command/LIST.c:25: MINOR:C-F8
./my_server/ftp/command/LIST.c:26: MINOR:C-F8
./my_server/ftp/command/LIST.c:27: MINOR:C-F8
./my_server/ftp/command/LIST.c:28: MAJOR:C-F3
./my_server/ftp/command/LIST.c:34: MAJOR:C-H1
./my_server/ftp/command/LIST.c:36: MINOR:C-G2
./my_server/ftp/command/LIST.c:38: MINOR:C-G7
./my_server/ftp/command/LIST.c:44: MINOR:C-F8
./my_server/ftp/command/LIST.c:45: MINOR:C-F8
./my_server/ftp/command/LIST.c:49: MAJOR:C-F6
./my_server/ftp/command/LIST.c:49: MINOR:C-L4
./my_server/ftp/command/LIST.c:55: MAJOR:C-F3
./my_server/ftp/command/LIST.c:57: MAJOR:C-F3
./my_server/ftp/command/LIST.c:65: INFO:C-A3
./my_server/ftp/command/NOOP.c:1: MINOR:C-G1
./my_server/ftp/command/NOOP.c:1: MINOR:C-O4
./my_server/ftp/command/PASS.c:1: MINOR:C-G1
./my_server/ftp/command/PASS.c:1: MINOR:C-O4
./my_server/ftp/command/PASV.c:1: MINOR:C-G1
./my_server/ftp/command/PASV.c:1: MINOR:C-O4
./my_server/ftp/command/PASV.c:16: MAJOR:C-F3
./my_server/ftp/command/PASV.c:20: MINOR:C-G7
./my_server/ftp/command/PASV.c:28: MINOR:C-L6
./my_server/ftp/command/PASV.c:30: MAJOR:C-F4
./my_server/ftp/command/PASV.c:31: MAJOR:C-F4
./my_server/ftp/command/PASV.c:32: MAJOR:C-F4
./my_server/ftp/command/PASV.c:40: MAJOR:C-F3
./my_server/ftp/command/PASV.c:48: MAJOR:C-F3
./my_server/ftp/command/PASV.c:50: INFO:C-A3
./my_server/ftp/command/PORT.c:1: MINOR:C-G1
./my_server/ftp/command/PORT.c:1: MINOR:C-O4
./my_server/ftp/command/PWD.c:1: MINOR:C-G1
./my_server/ftp/command/PWD.c:1: MINOR:C-O4
./my_server/ftp/command/PWD.c:8: MINOR:C-L2
./my_server/ftp/command/PWD.c:17: MAJOR:C-F3
./my_server/ftp/command/PWD.c:19: MINOR:C-L3
./my_server/ftp/command/PWD.c:20: MAJOR:C-F3
./my_server/ftp/command/PWD.c:20: MINOR:C-L3
./my_server/ftp/command/PWD.c:22: INFO:C-A3
./my_server/ftp/command/QUIT.c:1: MINOR:C-G1
./my_server/ftp/command/QUIT.c:1: MINOR:C-O4
./my_server/ftp/command/QUIT.c:11: MINOR:C-F8
./my_server/ftp/command/QUIT.c:16: INFO:C-A3
./my_server/ftp/command/RETR.c:1: MINOR:C-G1
./my_server/ftp/command/RETR.c:1: MINOR:C-O4
./my_server/ftp/command/STOR.c:1: MINOR:C-G1
./my_server/ftp/command/STOR.c:1: MINOR:C-O4
./my_server/ftp/command/USER.c:1: MINOR:C-O4
./my_server/ftp/command/USER.c:16: MINOR:C-L3
./my_server/ftp/command/USER.c:50: INFO:C-A3
./my_server/ftp/command/cmd_tab.c:8: MAJOR:C-H1
./my_server/ftp/command/cmd_tab.c:10: MAJOR:C-H1
./my_server/ftp/command/cmd_tab.c:11: MAJOR:C-H1
./my_server/ftp/command/cmd_tab.c:12: MAJOR:C-H1
./my_server/ftp/command/cmd_tab.c:13: MAJOR:C-H1
./my_server/ftp/command/cmd_tab.c:14: MAJOR:C-H1
./my_server/ftp/command/cmd_tab.c:15: MAJOR:C-H1
./my_server/ftp/command/cmd_tab.c:19: MAJOR:C-F3
./my_server/ftp/command/cmd_tab.c:19: MINOR:C-L3
./my_server/ftp/command/cmd_tab.c:20: MAJOR:C-F3
./my_server/ftp/command/cmd_tab.c:20: MINOR:C-L3
./my_server/ftp/command/cmd_tab.c:21: MAJOR:C-F3
./my_server/ftp/command/cmd_tab.c:21: MINOR:C-L3
./my_server/ftp/command/cmd_tab.c:22: MAJOR:C-F3
./my_server/ftp/command/cmd_tab.c:22: MINOR:C-L3
./my_server/ftp/command/cmd_tab.c:23: MAJOR:C-F3
./my_server/ftp/command/cmd_tab.c:23: MINOR:C-L3
./my_server/ftp/command/cmd_tab.c:24: MAJOR:C-F3
./my_server/ftp/command/cmd_tab.c:24: MINOR:C-L3
./my_server/ftp/command/cmd_tab.c:25: MAJOR:C-F3
./my_server/ftp/command/cmd_tab.c:25: MINOR:C-L3
./my_server/ftp/command/cmd_tab.c:26: MAJOR:C-F3
./my_server/ftp/command/cmd_tab.c:26: MINOR:C-L3
./my_server/ftp/command/cmd_tab.c:27: MAJOR:C-F3
./my_server/ftp/command/cmd_tab.c:27: MINOR:C-L3
./my_server/ftp/command/cmd_tab.c:28: MAJOR:C-F3
./my_server/ftp/command/cmd_tab.c:28: MINOR:C-L3
./my_server/ftp/command/cmd_tab.c:29: MAJOR:C-F3
./my_server/ftp/command/cmd_tab.c:29: MINOR:C-L3
./my_server/ftp/command/cmd_tab.c:30: MAJOR:C-F3
./my_server/ftp/command/cmd_tab.c:30: MINOR:C-L3
./my_server/ftp/command/cmd_tab.c:31: MAJOR:C-F3
./my_server/ftp/command/cmd_tab.c:31: MINOR:C-L3
./my_server/ftp/command/cmd_tab.c:32: MAJOR:C-F3
./my_server/ftp/command/cmd_tab.c:32: MINOR:C-L3
./my_server/ftp/command/cmd_tab.c:35: INFO:C-A3
./my_server/ftp/command/command_tab.c:1: MINOR:C-G1
./my_server/ftp/command/command_tab.c:20: MAJOR:C-F3
./my_server/ftp/command/command_tab.c:26: MINOR:C-L2
./my_server/ftp/command/command_tab.c:26: MINOR:C-L3
./my_server/ftp/command/command_tab.c:27: MINOR:C-L2
./my_server/ftp/command/command_tab.c:32: MINOR:C-L2
./my_server/ftp/command/command_tab.c:32: MINOR:C-L3
./my_server/ftp/command/command_tab.c:33: MINOR:C-L2
./my_server/ftp/command/command_tab.c:51: MAJOR:C-O3
./my_server/ftp/command/command_tab.c:62: MAJOR:C-F3
./my_server/ftp/command/command_tab.c:65: MAJOR:C-F3
./my_server/ftp/command/command_tab.c:69: MAJOR:C-O3
./my_server/ftp/command/command_tab.c:72: MINOR:C-F8
./my_server/ftp/command/command_tab.c:73: MINOR:C-L6
./my_server/ftp/command/command_tab.c:74: MAJOR:C-F3
./my_server/ftp/command/command_tab.c:75: MAJOR:C-F3
./my_server/ftp/command/command_tab.c:81: MAJOR:C-F3
./my_server/ftp/run_ftp.c:31: MINOR:C-F8
./my_server/ftp/run_ftp.c:43: MAJOR:C-F3
./my_server/ftp/run_ftp.c:45: MAJOR:C-F3
./my_server/ftp/run_ftp.c:47: MAJOR:C-F3
./my_server/ftp/run_ftp.c:49: MAJOR:C-F4
./my_server/ftp/run_ftp.c:50: MAJOR:C-F4
./my_server/ftp/run_ftp.c:51: MAJOR:C-F4
./my_server/ftp/run_ftp.c:94: MINOR:C-L6
./my_server/ftp/run_ftp.c:113: MINOR:C-L3
./my_server/ftp/run_ftp.c:117: MAJOR:C-F3
./my_server/ftp/run_ftp.c:121: MINOR:C-L3
./my_server/ftp/run_ftp.c:127: MAJOR:C-F3
./my_server/ftp/run_ftp.c:130: MAJOR:C-F4
./my_server/ftp/run_ftp.c:131: MAJOR:C-F4
./my_server/ftp/run_ftp.c:132: MAJOR:C-F4
./my_server/ftp/run_ftp.c:133: MAJOR:C-F4
./my_server/ftp/run_ftp.c:134: MAJOR:C-F4
./my_server/ftp/run_ftp.c:141: MAJOR:C-L5
./my_server/ftp/run_ftp.c:142: MINOR:C-L6
./my_server/ftp/run_ftp.c:144: MAJOR:C-L1
./my_server/ftp/run_ftp.c:145: MAJOR:C-L1
./my_server/ftp/run_ftp.c:146: MAJOR:C-L1
./my_server/ftp/run_ftp.c:147: MAJOR:C-L1
./my_server/ftp/run_ftp.c:148: MAJOR:C-L1
./my_server/ftp/run_ftp.c:149: MAJOR:C-L1
./my_server/ftp/run_ftp.c:150: MAJOR:C-L1
./my_server/ftp/run_ftp.c:152: MAJOR:C-C1
./my_server/ftp/run_ftp.c:154: MAJOR:C-C1
./my_server/ftp/run_ftp.c:160: MAJOR:C-F4
./my_server/ftp/run_ftp.c:164: MINOR:C-G7
./my_server/ftp/run_ftp.c:164: MINOR:C-L4
./my_server/ftp/run_ftp.c:168: MINOR:C-G7
./my_server/ftp/run_ftp.c:179: MAJOR:C-F3
./my_server/ftp/run_ftp.c:179: MINOR:C-L3
./my_server/ftp/run_ftp.c:180: MAJOR:C-L5
./my_server/ftp/run_ftp.c:181: MINOR:C-L6
./my_server/ftp/run_ftp.c:190: MAJOR:C-O3
./my_server/ftp/run_ftp.c:193: MAJOR:C-F3
./my_server/ftp/run_ftp.c:194: MAJOR:C-F3
./my_server/ftp/run_ftp.c:196: MAJOR:C-F3
./my_server/ftp/run_ftp.c:203: MAJOR:C-F3
./my_server/ftp/run_ftp.c:208: MAJOR:C-F3
./my_server/ftp/run_ftp.c:214: MAJOR:C-O3
./my_server/ftp/run_ftp.c:235: MINOR:C-G2
./my_server/ftp/run_ftp.c:235: MAJOR:C-O3
./my_server/ftp/run_ftp.c:238: MINOR:C-G7
./my_server/ftp/run_ftp.c:239: MINOR:C-L6
./my_server/ftp/run_ftp.c:246: MINOR:C-F8
./my_server/ftp/run_ftp.c:247: MAJOR:C-L1
./my_server/ftp/run_ftp.c:247: MINOR:C-L3
./my_server/ftp/run_ftp.c:257: MAJOR:C-O3
./my_server/ftp/run_ftp.c:261: MINOR:C-G7
./my_server/ftp/run_ftp.c:270: MAJOR:C-O3
./my_server/init/init_client.c:9: MINOR:C-G7
./my_server/init/init_client.c:10: MINOR:C-G7
./my_server/init/init_client.c:11: MINOR:C-G7
./my_server/init/init_client.c:22: INFO:C-A3
./my_server/init/init_ftp.c:9: MINOR:C-G7
./my_server/init/init_ftp.c:10: MINOR:C-G7
./my_server/init/init_ftp.c:11: MINOR:C-G7
./my_server/init/init_ftp.c:31: INFO:C-A3
./my_server/init/init_polling.c:9: MINOR:C-G7
./my_server/init/init_polling.c:10: MINOR:C-G7
./my_server/init/init_polling.c:11: MINOR:C-G7
./my_server/init/init_polling.c:27: INFO:C-A3
./my_server/init/init_server.c:9: MINOR:C-G7
./my_server/init/init_server.c:10: MINOR:C-G7
./my_server/init/init_server.c:11: MINOR:C-G7
./my_server/init/init_server.c:23: MINOR:C-F8
./my_server/init/init_server.c:26: MINOR:C-F8
./my_server/init/init_server.c:27: MAJOR:C-F3
./my_server/init/init_server.c:27: MINOR:C-F8
./my_server/init/init_server.c:28: MAJOR:C-F3
./my_server/init/init_server.c:28: MINOR:C-F8
./my_server/init/init_server.c:29: MAJOR:C-F3
./my_server/init/init_server.c:29: MINOR:C-F8
./my_server/init/init_server.c:33: MINOR:C-F8
./my_server/init/init_server.c:38: INFO:C-A3
./my_server/server.c:1: MINOR:C-G1
./my_server/server.c:1: MINOR:C-G7
./my_server/server.c:2: MINOR:C-G7
./my_server/server.c:3: MINOR:C-G7
./my_server/server.c:4: MINOR:C-G7
./my_server/server.c:28: MAJOR:C-F6
./my_server/server.c:34: MINOR:C-L3
./my_server/server.c:47: INFO:C-A3
./my_server/utils/len_array.c:1: MINOR:C-G1
./my_server/utils/reterr.c:19: INFO:C-A3
./server.o:1: MAJOR:C-O1
